  c_lesson.cpp
c:\workspace\programming\c\temp\c\c_lesson\c_lesson\c_lesson.cpp(2834): warning C4566: character represented by universal-character-name '\u5185' cannot be represented in the current code page (1252)
c:\workspace\programming\c\temp\c\c_lesson\c_lesson\c_lesson.cpp(2834): warning C4566: character represented by universal-character-name '\u5B58' cannot be represented in the current code page (1252)
c:\workspace\programming\c\temp\c\c_lesson\c_lesson\c_lesson.cpp(2834): warning C4566: character represented by universal-character-name '\u5206' cannot be represented in the current code page (1252)
c:\workspace\programming\c\temp\c\c_lesson\c_lesson\c_lesson.cpp(2834): warning C4566: character represented by universal-character-name '\u914D' cannot be represented in the current code page (1252)
c:\workspace\programming\c\temp\c\c_lesson\c_lesson\c_lesson.cpp(2834): warning C4566: character represented by universal-character-name '\u5931' cannot be represented in the current code page (1252)
c:\workspace\programming\c\temp\c\c_lesson\c_lesson\c_lesson.cpp(2834): warning C4566: character represented by universal-character-name '\u8D25' cannot be represented in the current code page (1252)
c:\workspace\programming\c\temp\c\c_lesson\c_lesson\c_lesson.cpp(2852): warning C4566: character represented by universal-character-name '\u63D2' cannot be represented in the current code page (1252)
c:\workspace\programming\c\temp\c\c_lesson\c_lesson\c_lesson.cpp(2852): warning C4566: character represented by universal-character-name '\u5165' cannot be represented in the current code page (1252)
c:\workspace\programming\c\temp\c\c_lesson\c_lesson\c_lesson.cpp(2852): warning C4566: character represented by universal-character-name '\u4F4D' cannot be represented in the current code page (1252)
c:\workspace\programming\c\temp\c\c_lesson\c_lesson\c_lesson.cpp(2852): warning C4566: character represented by universal-character-name '\u7F6E' cannot be represented in the current code page (1252)
c:\workspace\programming\c\temp\c\c_lesson\c_lesson\c_lesson.cpp(2852): warning C4566: character represented by universal-character-name '\u6709' cannot be represented in the current code page (1252)
c:\workspace\programming\c\temp\c\c_lesson\c_lesson\c_lesson.cpp(2852): warning C4566: character represented by universal-character-name '\u95EE' cannot be represented in the current code page (1252)
c:\workspace\programming\c\temp\c\c_lesson\c_lesson\c_lesson.cpp(2852): warning C4566: character represented by universal-character-name '\u9898' cannot be represented in the current code page (1252)
c:\workspace\programming\c\temp\c\c_lesson\c_lesson\c_lesson.cpp(2860): warning C4566: character represented by universal-character-name '\u5206' cannot be represented in the current code page (1252)
c:\workspace\programming\c\temp\c\c_lesson\c_lesson\c_lesson.cpp(2860): warning C4566: character represented by universal-character-name '\u914D' cannot be represented in the current code page (1252)
c:\workspace\programming\c\temp\c\c_lesson\c_lesson\c_lesson.cpp(2860): warning C4566: character represented by universal-character-name '\u5931' cannot be represented in the current code page (1252)
c:\workspace\programming\c\temp\c\c_lesson\c_lesson\c_lesson.cpp(2860): warning C4566: character represented by universal-character-name '\u8D25' cannot be represented in the current code page (1252)
c:\workspace\programming\c\temp\c\c_lesson\c_lesson\c_lesson.cpp(2878): warning C4566: character represented by universal-character-name '\u5220' cannot be represented in the current code page (1252)
c:\workspace\programming\c\temp\c\c_lesson\c_lesson\c_lesson.cpp(2878): warning C4566: character represented by universal-character-name '\u9664' cannot be represented in the current code page (1252)
c:\workspace\programming\c\temp\c\c_lesson\c_lesson\c_lesson.cpp(2878): warning C4566: character represented by universal-character-name '\u7684' cannot be represented in the current code page (1252)
c:\workspace\programming\c\temp\c\c_lesson\c_lesson\c_lesson.cpp(2878): warning C4566: character represented by universal-character-name '\u4F4D' cannot be represented in the current code page (1252)
c:\workspace\programming\c\temp\c\c_lesson\c_lesson\c_lesson.cpp(2878): warning C4566: character represented by universal-character-name '\u7F6E' cannot be represented in the current code page (1252)
c:\workspace\programming\c\temp\c\c_lesson\c_lesson\c_lesson.cpp(2878): warning C4566: character represented by universal-character-name '\u4E0D' cannot be represented in the current code page (1252)
c:\workspace\programming\c\temp\c\c_lesson\c_lesson\c_lesson.cpp(2878): warning C4566: character represented by universal-character-name '\u5BF9' cannot be represented in the current code page (1252)
  c_lesson.vcxproj -> C:\WorkSpace\Programming\C\temp\C\c_lesson\Debug\c_lesson.exe
